<?xml version="1.0" encoding="utf-8"?>
<TestRun id="4c311122-6ced-4faa-9b1a-10a8a8976fa1" name="David@DG 2025-09-06 02:51:31" runUser="DG\David" xmlns="http://microsoft.com/schemas/VisualStudio/TeamTest/2010">
  <Times creation="2025-09-06T02:51:31.7273575+02:00" queuing="2025-09-06T02:51:31.7273578+02:00" start="2025-09-06T02:50:52.1539168+02:00" finish="2025-09-06T02:51:32.8345787+02:00" />
  <TestSettings name="default" id="3606ddb6-927d-4b42-818b-e6a30b4bb518">
    <Deployment runDeploymentRoot="David_DG_2025-09-06_02_51_31" />
  </TestSettings>
  <Results>
    <UnitTestResult executionId="59c68244-033d-4cc7-9278-8937554a2038" testId="80b54ed7-43b7-c24e-3fa7-14ad0e2f4fd9" testName="_Test" computerName="DG" duration="00:00:00.0004940" startTime="2025-09-06T02:51:29.3503030+02:00" endTime="2025-09-06T02:51:29.3507972+02:00" testType="13cdc9d9-ddb5-4fa4-a97d-d965ccfc6d4b" outcome="Passed" testListId="8c84fa94-04c1-424b-9868-57a2d4851a1d" relativeResultsDirectory="59c68244-033d-4cc7-9278-8937554a2038" />
    <UnitTestResult executionId="f5636719-81ac-425c-a5ac-d0eab51c33fb" testId="b17ef364-7a82-28a3-cc28-df2f9e303ebf" testName="_Test" computerName="DG" duration="00:00:01.6585310" startTime="2025-09-06T02:51:27.6859630+02:00" endTime="2025-09-06T02:51:29.3443559+02:00" testType="13cdc9d9-ddb5-4fa4-a97d-d965ccfc6d4b" outcome="Passed" testListId="8c84fa94-04c1-424b-9868-57a2d4851a1d" relativeResultsDirectory="f5636719-81ac-425c-a5ac-d0eab51c33fb" />
    <UnitTestResult executionId="de1c5400-ebdf-4361-8465-0040b1610f3f" testId="a470cab9-6d03-59eb-a566-6f2fc3d3a032" testName="_Test" computerName="DG" duration="00:00:00.0002890" startTime="2025-09-06T02:51:29.3509692+02:00" endTime="2025-09-06T02:51:29.3512581+02:00" testType="13cdc9d9-ddb5-4fa4-a97d-d965ccfc6d4b" outcome="Passed" testListId="8c84fa94-04c1-424b-9868-57a2d4851a1d" relativeResultsDirectory="de1c5400-ebdf-4361-8465-0040b1610f3f" />
  </Results>
  <TestDefinitions>
    <UnitTest name="_Test" storage="c:\users\david\desktop\test.security\bin\mcd\debug\net8.0\test.security.dll" id="b17ef364-7a82-28a3-cc28-df2f9e303ebf">
      <Execution id="f5636719-81ac-425c-a5ac-d0eab51c33fb" />
      <TestMethod codeBase="C:\Users\David\Desktop\Test.Security\bin\MCD\Debug\net8.0\Test.Security.dll" adapterTypeName="executor://nunit3testexecutor/" className="Test.Security.AuthUserTest" name="_Test" />
    </UnitTest>
    <UnitTest name="_Test" storage="c:\users\david\desktop\test.security\bin\mcd\debug\net8.0\test.security.dll" id="a470cab9-6d03-59eb-a566-6f2fc3d3a032">
      <Execution id="de1c5400-ebdf-4361-8465-0040b1610f3f" />
      <TestMethod codeBase="C:\Users\David\Desktop\Test.Security\bin\MCD\Debug\net8.0\Test.Security.dll" adapterTypeName="executor://nunit3testexecutor/" className="Test.Security.RateLimiter" name="_Test" />
    </UnitTest>
    <UnitTest name="_Test" storage="c:\users\david\desktop\test.security\bin\mcd\debug\net8.0\test.security.dll" id="80b54ed7-43b7-c24e-3fa7-14ad0e2f4fd9">
      <Execution id="59c68244-033d-4cc7-9278-8937554a2038" />
      <TestMethod codeBase="C:\Users\David\Desktop\Test.Security\bin\MCD\Debug\net8.0\Test.Security.dll" adapterTypeName="executor://nunit3testexecutor/" className="Test.Security.PoliciesTest" name="_Test" />
    </UnitTest>
  </TestDefinitions>
  <TestEntries>
    <TestEntry testId="80b54ed7-43b7-c24e-3fa7-14ad0e2f4fd9" executionId="59c68244-033d-4cc7-9278-8937554a2038" testListId="8c84fa94-04c1-424b-9868-57a2d4851a1d" />
    <TestEntry testId="b17ef364-7a82-28a3-cc28-df2f9e303ebf" executionId="f5636719-81ac-425c-a5ac-d0eab51c33fb" testListId="8c84fa94-04c1-424b-9868-57a2d4851a1d" />
    <TestEntry testId="a470cab9-6d03-59eb-a566-6f2fc3d3a032" executionId="de1c5400-ebdf-4361-8465-0040b1610f3f" testListId="8c84fa94-04c1-424b-9868-57a2d4851a1d" />
  </TestEntries>
  <TestLists>
    <TestList name="Resultados sin formato de lista" id="8c84fa94-04c1-424b-9868-57a2d4851a1d" />
    <TestList name="Todos los resultados cargados" id="19431567-8539-422a-85d7-44ee4e166bda" />
  </TestLists>
  <ResultSummary outcome="Completed">
    <Counters total="3" executed="3" passed="3" failed="0" error="0" timeout="0" aborted="0" inconclusive="0" passedButRunAborted="0" notRunnable="0" notExecuted="0" disconnected="0" warning="0" completed="0" inProgress="0" pending="0" />
    <Output>
      <StdOut>NUnit Adapter 4.5.0.0: Test execution started&#xD;
Running all tests in C:\Users\David\Desktop\Test.Security\bin\MCD\Debug\net8.0\Test.Security.dll&#xD;
   NUnit3TestExecutor discovered 3 of 3 NUnit test cases using Current Discovery mode, Non-Explicit run&#xD;
NUnit Adapter 4.5.0.0: Test execution complete&#xD;
</StdOut>
    </Output>
    <CollectorDataEntries>
      <Collector agentName="DG" uri="datacollector://microsoft/CoverletCodeCoverage/1.0" collectorDisplayName="XPlat code coverage">
        <UriAttachments>
          <UriAttachment>
            <A href="DG\coverage.cobertura.xml"></A>
          </UriAttachment>
        </UriAttachments>
      </Collector>
    </CollectorDataEntries>
  </ResultSummary>
</TestRun>